
Jul 10, 2017 20:02:39.06 NEW SESSION
Jul 10, 2017 20:02:39.06 C:\Users\ASUS\AppData\Local\CocCoc\Browser\Application\browser.exe: invalid option -- `-e'
Jul 10, 2017 20:02:39.06 Try 'browser.exe --help' for more information.
Jul 10, 2017 20:02:39.07 C:\Users\ASUS\AppData\Local\CocCoc\Browser\Application\browser.exe: invalid option -- `-n'
Jul 10, 2017 20:02:39.07 Try 'browser.exe --help' for more information.
Jul 10, 2017 20:02:39.07 C:\Users\ASUS\AppData\Local\CocCoc\Browser\Application\browser.exe: invalid option -- `-a'
Jul 10, 2017 20:02:39.08 Try 'browser.exe --help' for more information.
Jul 10, 2017 20:02:39.08 C:\Users\ASUS\AppData\Local\CocCoc\Browser\Application\browser.exe: invalid option -- `-b'
Jul 10, 2017 20:02:39.08 Try 'browser.exe --help' for more information.
Jul 10, 2017 20:02:39.09 C:\Users\ASUS\AppData\Local\CocCoc\Browser\Application\browser.exe: invalid option -- `-l'
Jul 10, 2017 20:02:39.09 Try 'browser.exe --help' for more information.
Jul 10, 2017 20:02:39.11 C:\Users\ASUS\AppData\Local\CocCoc\Browser\Application\browser.exe: invalid option -- `-e'
Jul 10, 2017 20:02:39.11 Try 'browser.exe --help' for more information.
Jul 10, 2017 20:02:39.12 C:\Users\ASUS\AppData\Local\CocCoc\Browser\Application\browser.exe: invalid option -- `--'
Jul 10, 2017 20:02:39.12 Try 'browser.exe --help' for more information.
Jul 10, 2017 20:02:39.13 C:\Users\ASUS\AppData\Local\CocCoc\Browser\Application\browser.exe: invalid option -- `-l'
Jul 10, 2017 20:02:39.13 Try 'browser.exe --help' for more information.
Jul 10, 2017 20:02:39.13 C:\Users\ASUS\AppData\Local\CocCoc\Browser\Application\browser.exe: invalid option -- `-o'
Jul 10, 2017 20:02:39.15 Try 'browser.exe --help' for more information.
Jul 10, 2017 20:02:39.15 C:\Users\ASUS\AppData\Local\CocCoc\Browser\Application\browser.exe: invalid option -- `-g'
Jul 10, 2017 20:02:39.15 Try 'browser.exe --help' for more information.
Jul 10, 2017 20:02:39.16 C:\Users\ASUS\AppData\Local\CocCoc\Browser\Application\browser.exe: invalid option -- `-g'
Jul 10, 2017 20:02:39.16 Try 'browser.exe --help' for more information.
Jul 10, 2017 20:02:39.16 C:\Users\ASUS\AppData\Local\CocCoc\Browser\Application\browser.exe: invalid option -- `-i'
Jul 10, 2017 20:02:39.17 Try 'browser.exe --help' for more information.
Jul 10, 2017 20:02:39.17 C:\Users\ASUS\AppData\Local\CocCoc\Browser\Application\browser.exe: invalid option -- `-n'
Jul 10, 2017 20:02:39.17 Try 'browser.exe --help' for more information.
Jul 10, 2017 20:02:39.18 C:\Users\ASUS\AppData\Local\CocCoc\Browser\Application\browser.exe: invalid option -- `-g'
Jul 10, 2017 20:02:39.18 Try 'browser.exe --help' for more information.
Jul 10, 2017 20:02:39.19 C:\Users\ASUS\AppData\Local\CocCoc\Browser\Application\browser.exe: invalid option -- `-v'
Jul 10, 2017 20:02:39.19 Try 'browser.exe --help' for more information.
Jul 10, 2017 20:02:39.19 C:\Users\ASUS\AppData\Local\CocCoc\Browser\Application\browser.exe: invalid option -- `-m'
Jul 10, 2017 20:02:39.20 Try 'browser.exe --help' for more information.
Jul 10, 2017 20:02:39.20 C:\Users\ASUS\AppData\Local\CocCoc\Browser\Application\browser.exe: invalid option -- `-o'
Jul 10, 2017 20:02:39.20 Try 'browser.exe --help' for more information.
Jul 10, 2017 20:02:39.21 C:\Users\ASUS\AppData\Local\CocCoc\Browser\Application\browser.exe: invalid option -- `-d'
Jul 10, 2017 20:02:39.21 Try 'browser.exe --help' for more information.
Jul 10, 2017 20:02:39.21 C:\Users\ASUS\AppData\Local\CocCoc\Browser\Application\browser.exe: invalid option -- `-u'
Jul 10, 2017 20:02:39.22 Try 'browser.exe --help' for more information.
Jul 10, 2017 20:02:39.22 C:\Users\ASUS\AppData\Local\CocCoc\Browser\Application\browser.exe: invalid option -- `-l'
Jul 10, 2017 20:02:39.22 Try 'browser.exe --help' for more information.
Jul 10, 2017 20:02:39.23 C:\Users\ASUS\AppData\Local\CocCoc\Browser\Application\browser.exe: invalid option -- `-e'
Jul 10, 2017 20:02:39.24 Try 'browser.exe --help' for more information.
Jul 10, 2017 20:02:39.24 C:\Users\ASUS\AppData\Local\CocCoc\Browser\Application\browser.exe: invalid option -- `-='
Jul 10, 2017 20:02:39.24 Try 'browser.exe --help' for more information.
Jul 10, 2017 20:02:39.25 C:\Users\ASUS\AppData\Local\CocCoc\Browser\Application\browser.exe: invalid option -- `-*'
Jul 10, 2017 20:02:39.25 Try 'browser.exe --help' for more information.
Jul 10, 2017 20:02:39.25 C:\Users\ASUS\AppData\Local\CocCoc\Browser\Application\browser.exe: invalid option -- `-d'
Jul 10, 2017 20:02:39.26 Try 'browser.exe --help' for more information.
Jul 10, 2017 20:02:39.26 C:\Users\ASUS\AppData\Local\CocCoc\Browser\Application\browser.exe: invalid option -- `-o'
Jul 10, 2017 20:02:39.26 Try 'browser.exe --help' for more information.
Jul 10, 2017 20:02:39.27 C:\Users\ASUS\AppData\Local\CocCoc\Browser\Application\browser.exe: invalid option -- `-w'
Jul 10, 2017 20:02:39.27 Try 'browser.exe --help' for more information.
Jul 10, 2017 20:02:39.28 C:\Users\ASUS\AppData\Local\CocCoc\Browser\Application\browser.exe: invalid option -- `-n'
Jul 10, 2017 20:02:39.28 Try 'browser.exe --help' for more information.
Jul 10, 2017 20:02:39.28 C:\Users\ASUS\AppData\Local\CocCoc\Browser\Application\browser.exe: invalid option -- `-l'
Jul 10, 2017 20:02:39.28 Try 'browser.exe --help' for more information.
Jul 10, 2017 20:02:39.29 C:\Users\ASUS\AppData\Local\CocCoc\Browser\Application\browser.exe: invalid option -- `-o'
Jul 10, 2017 20:02:39.29 Try 'browser.exe --help' for more information.
Jul 10, 2017 20:02:39.29 C:\Users\ASUS\AppData\Local\CocCoc\Browser\Application\browser.exe: invalid option -- `-a'
Jul 10, 2017 20:02:39.30 Try 'browser.exe --help' for more information.
Jul 10, 2017 20:02:39.30 C:\Users\ASUS\AppData\Local\CocCoc\Browser\Application\browser.exe: invalid option -- `-d'
Jul 10, 2017 20:02:39.31 Try 'browser.exe --help' for more information.
Jul 10, 2017 20:02:39.31 C:\Users\ASUS\AppData\Local\CocCoc\Browser\Application\browser.exe: invalid option -- `-_'
Jul 10, 2017 20:02:39.31 Try 'browser.exe --help' for more information.
Jul 10, 2017 20:02:39.32 C:\Users\ASUS\AppData\Local\CocCoc\Browser\Application\browser.exe: invalid option -- `-*'
Jul 10, 2017 20:02:39.32 Try 'browser.exe --help' for more information.
Jul 10, 2017 20:02:39.32 C:\Users\ASUS\AppData\Local\CocCoc\Browser\Application\browser.exe: invalid option -- `-='
Jul 10, 2017 20:02:39.33 Try 'browser.exe --help' for more information.
Jul 10, 2017 20:02:39.33 C:\Users\ASUS\AppData\Local\CocCoc\Browser\Application\browser.exe: invalid option -- `-3'
Jul 10, 2017 20:02:39.33 Try 'browser.exe --help' for more information.
Jul 10, 2017 20:02:39.34 C:\Users\ASUS\AppData\Local\CocCoc\Browser\Application\browser.exe: invalid option -- `-0'
Jul 10, 2017 20:02:39.34 Try 'browser.exe --help' for more information.
Jul 10, 2017 20:02:39.34 C:\Users\ASUS\AppData\Local\CocCoc\Browser\Application\browser.exe: invalid option -- `-,'
Jul 10, 2017 20:02:39.35 Try 'browser.exe --help' for more information.
Jul 10, 2017 20:02:39.35 C:\Users\ASUS\AppData\Local\CocCoc\Browser\Application\browser.exe: invalid option -- `-v'
Jul 10, 2017 20:02:39.35 Try 'browser.exe --help' for more information.
Jul 10, 2017 20:02:39.36 C:\Users\ASUS\AppData\Local\CocCoc\Browser\Application\browser.exe: invalid option -- `-i'
Jul 10, 2017 20:02:39.36 Try 'browser.exe --help' for more information.
Jul 10, 2017 20:02:39.36 C:\Users\ASUS\AppData\Local\CocCoc\Browser\Application\browser.exe: invalid option -- `-d'
Jul 10, 2017 20:02:39.37 Try 'browser.exe --help' for more information.
Jul 10, 2017 20:02:39.37 C:\Users\ASUS\AppData\Local\CocCoc\Browser\Application\browser.exe: invalid option -- `-e'
Jul 10, 2017 20:02:39.38 Try 'browser.exe --help' for more information.
Jul 10, 2017 20:02:39.38 C:\Users\ASUS\AppData\Local\CocCoc\Browser\Application\browser.exe: invalid option -- `-o'
Jul 10, 2017 20:02:39.38 Try 'browser.exe --help' for more information.
Jul 10, 2017 20:02:39.39 C:\Users\ASUS\AppData\Local\CocCoc\Browser\Application\browser.exe: invalid option -- `-_'
Jul 10, 2017 20:02:39.39 Try 'browser.exe --help' for more information.
Jul 10, 2017 20:02:39.40 C:\Users\ASUS\AppData\Local\CocCoc\Browser\Application\browser.exe: invalid option -- `-c'
Jul 10, 2017 20:02:39.40 Try 'browser.exe --help' for more information.
Jul 10, 2017 20:02:39.41 C:\Users\ASUS\AppData\Local\CocCoc\Browser\Application\browser.exe: invalid option -- `-a'
Jul 10, 2017 20:02:39.41 Try 'browser.exe --help' for more information.
Jul 10, 2017 20:02:39.42 C:\Users\ASUS\AppData\Local\CocCoc\Browser\Application\browser.exe: invalid option -- `-p'
Jul 10, 2017 20:02:39.42 Try 'browser.exe --help' for more information.
Jul 10, 2017 20:02:39.42 C:\Users\ASUS\AppData\Local\CocCoc\Browser\Application\browser.exe: invalid option -- `-t'
Jul 10, 2017 20:02:39.43 Try 'browser.exe --help' for more information.
Jul 10, 2017 20:02:39.43 C:\Users\ASUS\AppData\Local\CocCoc\Browser\Application\browser.exe: invalid option -- `-u'
Jul 10, 2017 20:02:39.44 Try 'browser.exe --help' for more information.
Jul 10, 2017 20:02:39.44 C:\Users\ASUS\AppData\Local\CocCoc\Browser\Application\browser.exe: invalid option -- `-r'
Jul 10, 2017 20:02:39.45 Try 'browser.exe --help' for more information.
Jul 10, 2017 20:02:39.45 C:\Users\ASUS\AppData\Local\CocCoc\Browser\Application\browser.exe: invalid option -- `-e'
Jul 10, 2017 20:02:39.46 Try 'browser.exe --help' for more information.
Jul 10, 2017 20:02:39.46 C:\Users\ASUS\AppData\Local\CocCoc\Browser\Application\browser.exe: invalid option -- `-_'
Jul 10, 2017 20:02:39.46 Try 'browser.exe --help' for more information.
Jul 10, 2017 20:02:39.47 C:\Users\ASUS\AppData\Local\CocCoc\Browser\Application\browser.exe: invalid option -- `-d'
Jul 10, 2017 20:02:39.47 Try 'browser.exe --help' for more information.
Jul 10, 2017 20:02:39.48 C:\Users\ASUS\AppData\Local\CocCoc\Browser\Application\browser.exe: invalid option -- `-e'
Jul 10, 2017 20:02:39.48 Try 'browser.exe --help' for more information.
Jul 10, 2017 20:02:39.48 C:\Users\ASUS\AppData\Local\CocCoc\Browser\Application\browser.exe: invalid option -- `-v'
Jul 10, 2017 20:02:39.49 Try 'browser.exe --help' for more information.
Jul 10, 2017 20:02:39.49 C:\Users\ASUS\AppData\Local\CocCoc\Browser\Application\browser.exe: invalid option -- `-i'
Jul 10, 2017 20:02:39.50 Try 'browser.exe --help' for more information.
Jul 10, 2017 20:02:39.50 C:\Users\ASUS\AppData\Local\CocCoc\Browser\Application\browser.exe: invalid option -- `-c'
Jul 10, 2017 20:02:39.50 Try 'browser.exe --help' for more information.
Jul 10, 2017 20:02:39.51 C:\Users\ASUS\AppData\Local\CocCoc\Browser\Application\browser.exe: invalid option -- `-e'
Jul 10, 2017 20:02:39.51 Try 'browser.exe --help' for more information.
Jul 10, 2017 20:02:39.51 C:\Users\ASUS\AppData\Local\CocCoc\Browser\Application\browser.exe: invalid option -- `-*'
Jul 10, 2017 20:02:39.52 Try 'browser.exe --help' for more information.
Jul 10, 2017 20:02:39.52 C:\Users\ASUS\AppData\Local\CocCoc\Browser\Application\browser.exe: invalid option -- `-='
Jul 10, 2017 20:02:39.52 Try 'browser.exe --help' for more information.
Jul 10, 2017 20:02:39.53 C:\Users\ASUS\AppData\Local\CocCoc\Browser\Application\browser.exe: invalid option -- `-1'
Jul 10, 2017 20:02:39.53 Try 'browser.exe --help' for more information.
Jul 10, 2017 20:02:39.54 C:\Users\ASUS\AppData\Local\CocCoc\Browser\Application\browser.exe: invalid option -- `-8'
Jul 10, 2017 20:02:39.54 Try 'browser.exe --help' for more information.
Jul 10, 2017 20:02:39.54 C:\Users\ASUS\AppData\Local\CocCoc\Browser\Application\browser.exe: invalid option -- `-,'
Jul 10, 2017 20:02:39.55 Try 'browser.exe --help' for more information.
Jul 10, 2017 20:02:39.55 C:\Users\ASUS\AppData\Local\CocCoc\Browser\Application\browser.exe: invalid option -- `-f'
Jul 10, 2017 20:02:39.56 Try 'browser.exe --help' for more information.
Jul 10, 2017 20:02:39.56 C:\Users\ASUS\AppData\Local\CocCoc\Browser\Application\browser.exe: invalid option -- `-f'
Jul 10, 2017 20:02:39.56 Try 'browser.exe --help' for more information.
Jul 10, 2017 20:02:39.57 C:\Users\ASUS\AppData\Local\CocCoc\Browser\Application\browser.exe: invalid option -- `-m'
Jul 10, 2017 20:02:39.57 Try 'browser.exe --help' for more information.
Jul 10, 2017 20:02:39.57 C:\Users\ASUS\AppData\Local\CocCoc\Browser\Application\browser.exe: invalid option -- `-p'
Jul 10, 2017 20:02:39.58 Try 'browser.exe --help' for more information.
Jul 10, 2017 20:02:39.58 C:\Users\ASUS\AppData\Local\CocCoc\Browser\Application\browser.exe: invalid option -- `-e'
Jul 10, 2017 20:02:39.58 Try 'browser.exe --help' for more information.
Jul 10, 2017 20:02:39.59 C:\Users\ASUS\AppData\Local\CocCoc\Browser\Application\browser.exe: invalid option -- `-g'
Jul 10, 2017 20:02:39.59 Try 'browser.exe --help' for more information.
Jul 10, 2017 20:02:39.59 C:\Users\ASUS\AppData\Local\CocCoc\Browser\Application\browser.exe: invalid option -- `-_'
Jul 10, 2017 20:02:39.60 Try 'browser.exe --help' for more information.
Jul 10, 2017 20:02:39.60 C:\Users\ASUS\AppData\Local\CocCoc\Browser\Application\browser.exe: invalid option -- `-m'
Jul 10, 2017 20:02:39.61 Try 'browser.exe --help' for more information.
Jul 10, 2017 20:02:39.61 C:\Users\ASUS\AppData\Local\CocCoc\Browser\Application\browser.exe: invalid option -- `-u'
Jul 10, 2017 20:02:39.61 Try 'browser.exe --help' for more information.
Jul 10, 2017 20:02:39.62 C:\Users\ASUS\AppData\Local\CocCoc\Browser\Application\browser.exe: invalid option -- `-x'
Jul 10, 2017 20:02:39.62 Try 'browser.exe --help' for more information.
Jul 10, 2017 20:02:39.63 C:\Users\ASUS\AppData\Local\CocCoc\Browser\Application\browser.exe: invalid option -- `-e'
Jul 10, 2017 20:02:39.63 Try 'browser.exe --help' for more information.
Jul 10, 2017 20:02:39.63 C:\Users\ASUS\AppData\Local\CocCoc\Browser\Application\browser.exe: invalid option -- `-r'
Jul 10, 2017 20:02:39.64 Try 'browser.exe --help' for more information.
Jul 10, 2017 20:02:39.64 C:\Users\ASUS\AppData\Local\CocCoc\Browser\Application\browser.exe: invalid option -- `-*'
Jul 10, 2017 20:02:39.65 Try 'browser.exe --help' for more information.
Jul 10, 2017 20:02:39.65 C:\Users\ASUS\AppData\Local\CocCoc\Browser\Application\browser.exe: invalid option -- `-='
Jul 10, 2017 20:02:39.65 Try 'browser.exe --help' for more information.
Jul 10, 2017 20:02:39.66 C:\Users\ASUS\AppData\Local\CocCoc\Browser\Application\browser.exe: invalid option -- `-1'
Jul 10, 2017 20:02:39.66 Try 'browser.exe --help' for more information.
Jul 10, 2017 20:02:39.66 C:\Users\ASUS\AppData\Local\CocCoc\Browser\Application\browser.exe: invalid option -- `-2'
Jul 10, 2017 20:02:39.67 Try 'browser.exe --help' for more information.
Jul 10, 2017 20:02:39.67 C:\Users\ASUS\AppData\Local\CocCoc\Browser\Application\browser.exe: invalid option -- `-,'
Jul 10, 2017 20:02:39.67 Try 'browser.exe --help' for more information.
Jul 10, 2017 20:02:39.68 C:\Users\ASUS\AppData\Local\CocCoc\Browser\Application\browser.exe: invalid option -- `- '
Jul 10, 2017 20:02:39.68 Try 'browser.exe --help' for more information.
Jul 10, 2017 20:02:39.69 C:\Users\ASUS\AppData\Local\CocCoc\Browser\Application\browser.exe: invalid option -- `-*'
Jul 10, 2017 20:02:39.69 Try 'browser.exe --help' for more information.
Jul 10, 2017 20:02:39.69 C:\Users\ASUS\AppData\Local\CocCoc\Browser\Application\browser.exe: invalid option -- `-t'
Jul 10, 2017 20:02:39.70 Try 'browser.exe --help' for more information.
Jul 10, 2017 20:02:39.70 C:\Users\ASUS\AppData\Local\CocCoc\Browser\Application\browser.exe: invalid option -- `-o'
Jul 10, 2017 20:02:39.70 Try 'browser.exe --help' for more information.
Jul 10, 2017 20:02:39.71 C:\Users\ASUS\AppData\Local\CocCoc\Browser\Application\browser.exe: invalid option -- `-r'
Jul 10, 2017 20:02:39.71 Try 'browser.exe --help' for more information.
Jul 10, 2017 20:02:39.72 C:\Users\ASUS\AppData\Local\CocCoc\Browser\Application\browser.exe: invalid option -- `-r'
Jul 10, 2017 20:02:39.72 Try 'browser.exe --help' for more information.
Jul 10, 2017 20:02:39.72 C:\Users\ASUS\AppData\Local\CocCoc\Browser\Application\browser.exe: invalid option -- `-e'
Jul 10, 2017 20:02:39.73 Try 'browser.exe --help' for more information.
Jul 10, 2017 20:02:39.73 C:\Users\ASUS\AppData\Local\CocCoc\Browser\Application\browser.exe: invalid option -- `-n'
Jul 10, 2017 20:02:39.74 Try 'browser.exe --help' for more information.
Jul 10, 2017 20:02:39.74 C:\Users\ASUS\AppData\Local\CocCoc\Browser\Application\browser.exe: invalid option -- `-t'
Jul 10, 2017 20:02:39.74 Try 'browser.exe --help' for more information.
Jul 10, 2017 20:02:39.75 C:\Users\ASUS\AppData\Local\CocCoc\Browser\Application\browser.exe: invalid option -- `-*'
Jul 10, 2017 20:02:39.75 Try 'browser.exe --help' for more information.
Jul 10, 2017 20:02:40.40 C:\Use[16656:6820:0710/200240.400:ERROR:coccoc_geo_service.cc(461)] OnW!
Jul 10, 2017 20:02:42.36 [16656:8404:0710/200242.205:ERROR:service_manager.cc(480)] InterfaceProviderSpec prevented connection from: content_torrent to: device
Jul 10, 2017 20:04:50.23 [16656:6820:0710/200450.233:ERROR:coccoc_geo_service.cc(461)] OnW!
Jul 10, 2017 20:07:00.23 [16656:6820:0710/200700.236:ERROR:coccoc_geo_service.cc(461)] OnW!
Jul 10, 2017 20:07:40.22 [16656:6820:0710/200740.228:ERROR:coccoc_geo_service.cc(461)] OnT.
